Using pre-set license
Built from '2020.3/staging' branch; Version is '2020.3.16f1 (049d6eca3c44) revision 302446'; Using compiler version '192528614'; Build Type 'Release'
OS: 'Windows 10 Pro; OS build 19042.1110; Version 2009; 64bit' Language: 'zh' Physical Memory: 16336 MB
BatchMode: 1, IsHumanControllingUs: 0, StartBugReporterOnCrash: 0, Is64bit: 1, IsPro: 0

 COMMAND LINE ARGUMENTS:
C:\Program Files\Unity\Hub\Editor\2020.3.16f1\Editor\Unity.exe
-adb2
-batchMode
-noUpm
-name
AssetImportWorker0
-projectPath
C:/game_repository/Unity/Unity_LionGamecodeDesign_3DRPG_20210818/New Unity Project
-logFile
Logs/AssetImportWorker0.log
-srvPort
4692
Successfully changed project path to: C:/game_repository/Unity/Unity_LionGamecodeDesign_3DRPG_20210818/New Unity Project
C:/game_repository/Unity/Unity_LionGamecodeDesign_3DRPG_20210818/New Unity Project
Using Asset Import Pipeline V2.
Refreshing native plugins compatible for Editor in 39.67 ms, found 2 plugins.
Preloading 0 native plugins for Editor in 0.00 ms.
Initialize engine version: 2020.3.16f1 (049d6eca3c44)
[Subsystems] Discovering subsystems at path C:/Program Files/Unity/Hub/Editor/2020.3.16f1/Editor/Data/Resources/UnitySubsystems
[Subsystems] Discovering subsystems at path C:/game_repository/Unity/Unity_LionGamecodeDesign_3DRPG_20210818/New Unity Project/Assets
GfxDevice: creating device client; threaded=0
Direct3D:
    Version:  Direct3D 11.0 [level 11.1]
    Renderer: NVIDIA GeForce GTX 970 (ID=0x13c2)
    Vendor:   
    VRAM:     4043 MB
    Driver:   30.0.14.7168
Initialize mono
Mono path[0] = 'C:/Program Files/Unity/Hub/Editor/2020.3.16f1/Editor/Data/Managed'
Mono path[1] = 'C:/Program Files/Unity/Hub/Editor/2020.3.16f1/Editor/Data/MonoBleedingEdge/lib/mono/unityjit'
Mono config path = 'C:/Program Files/Unity/Hub/Editor/2020.3.16f1/Editor/Data/MonoBleedingEdge/etc'
Using monoOptions --debugger-agent=transport=dt_socket,embedding=1,server=y,suspend=n,address=127.0.0.1:56844
Begin MonoManager ReloadAssembly
Registering precompiled unity dll's ...
Register platform support module: C:/Program Files/Unity/Hub/Editor/2020.3.16f1/Editor/Data/PlaybackEngines/WebGLSupport/UnityEditor.WebGL.Extensions.dll
Register platform support module: C:/Program Files/Unity/Hub/Editor/2020.3.16f1/Editor/Data/PlaybackEngines/WindowsStandaloneSupport/UnityEditor.WindowsStandalone.Extensions.dll
Registered in 0.007407 seconds.
Native extension for WindowsStandalone target not found
Native extension for WebGL target not found
Refreshing native plugins compatible for Editor in 34.69 ms, found 2 plugins.
Preloading 0 native plugins for Editor in 0.00 ms.
Mono: successfully reloaded assembly
- Completed reload, in  3.908 seconds
Domain Reload Profiling:
	ReloadAssembly (3909ms)
		BeginReloadAssembly (96ms)
			ExecutionOrderSort (0ms)
			DisableScriptedObjects (0ms)
			BackupInstance (0ms)
			ReleaseScriptingObjects (0ms)
			CreateAndSetChildDomain (1ms)
		EndReloadAssembly (517ms)
			LoadAssemblies (91ms)
			RebuildTransferFunctionScriptingTraits (0ms)
			SetupTypeCache (198ms)
			ReleaseScriptCaches (0ms)
			RebuildScriptCaches (35ms)
			SetupLoadedEditorAssemblies (189ms)
				LogAssemblyErrors (0ms)
				InitializePlatformSupportModulesInManaged (7ms)
				SetLoadedEditorAssemblies (0ms)
				RefreshPlugins (35ms)
				BeforeProcessingInitializeOnLoad (9ms)
				ProcessInitializeOnLoadAttributes (100ms)
				ProcessInitializeOnLoadMethodAttributes (38ms)
				AfterProcessingInitializeOnLoad (0ms)
				EditorAssembliesLoaded (0ms)
			ExecutionOrderSort2 (0ms)
			AwakeInstancesAfterBackupRestoration (0ms)
Platform modules already initialized, skipping
Registering precompiled user dll's ...
Registered in 0.009663 seconds.
Begin MonoManager ReloadAssembly
Native extension for WindowsStandalone target not found
Native extension for WebGL target not found
Refreshing native plugins compatible for Editor in 0.35 ms, found 2 plugins.
Preloading 0 native plugins for Editor in 0.00 ms.
Mono: successfully reloaded assembly
- Completed reload, in  1.337 seconds
Domain Reload Profiling:
	ReloadAssembly (1338ms)
		BeginReloadAssembly (212ms)
			ExecutionOrderSort (0ms)
			DisableScriptedObjects (5ms)
			BackupInstance (0ms)
			ReleaseScriptingObjects (0ms)
			CreateAndSetChildDomain (22ms)
		EndReloadAssembly (1028ms)
			LoadAssemblies (146ms)
			RebuildTransferFunctionScriptingTraits (0ms)
			SetupTypeCache (357ms)
			ReleaseScriptCaches (0ms)
			RebuildScriptCaches (42ms)
			SetupLoadedEditorAssemblies (416ms)
				LogAssemblyErrors (0ms)
				InitializePlatformSupportModulesInManaged (7ms)
				SetLoadedEditorAssemblies (0ms)
				RefreshPlugins (0ms)
				BeforeProcessingInitializeOnLoad (73ms)
				ProcessInitializeOnLoadAttributes (314ms)
				ProcessInitializeOnLoadMethodAttributes (4ms)
				AfterProcessingInitializeOnLoad (17ms)
				EditorAssembliesLoaded (0ms)
			ExecutionOrderSort2 (0ms)
			AwakeInstancesAfterBackupRestoration (6ms)
Platform modules already initialized, skipping
========================================================================
Worker process is ready to serve import requests
Launched and connected shader compiler UnityShaderCompiler.exe after 0.11 seconds
Refreshing native plugins compatible for Editor in 0.34 ms, found 2 plugins.
Preloading 0 native plugins for Editor in 0.00 ms.
Unloading 1397 Unused Serialized files (Serialized files now loaded: 0)
System memory in use before: 65.7 MB.
System memory in use after: 65.8 MB.

Unloading 18 unused Assets to reduce memory usage. Loaded Objects now: 1833.
Total: 2.620600 ms (FindLiveObjects: 0.319300 ms CreateObjectMapping: 0.060200 ms MarkObjects: 2.178900 ms  DeleteObjects: 0.061100 ms)

AssetImportParameters requested are different than current active one (requested -> active):
  custom:framework-win-MediaFoundation: 216162199b28c13a410421893ffa2e32 -> 
  custom:video-decoder-ogg-theora: a1e56fd34408186e4bbccfd4996cb3dc -> 
  custom:container-muxer-webm: aa71ff27fc2769a1b78a27578f13a17b -> 
  custom:container-demuxer-webm: 4f35f7cbe854078d1ac9338744f61a02 -> 
  custom:container-demuxer-ogg: 62fdf1f143b41e24485cea50d1cbac27 -> 
  custom:video-encoder-webm-vp8: eb34c28f22e8b96e1ab97ce403110664 -> 
  custom:video-decoder-webm-vp8: 9c59270c3fd7afecdb556c50c9e8de78 -> 
  custom:audio-decoder-ogg-vorbis: bf7c407c2cedff20999df2af8eb42d56 -> 
  custom:audio-encoder-webm-vorbis: bf7c407c2cedff20999df2af8eb42d56 -> 
========================================================================
Received Import Request.
  path: Assets/NaikaiFont-Bold.ttf
  artifactKey: Guid(47299d7d47a3fae4e9e5eaf86d2721d7) Importer(815301076,1909f56bfc062723c751e8b465ee728b)
Start importing Assets/NaikaiFont-Bold.ttf using Guid(47299d7d47a3fae4e9e5eaf86d2721d7) Importer(815301076,1909f56bfc062723c751e8b465ee728b)  -> (artifact id: 'b4d48355f0088e7e0c6b78ffd7f9ed6a') in 0.221586 seconds 
  Import took 0.228340 seconds .

========================================================================
Received Import Request.
  Time since last request: 971.778631 seconds.
  path: Assets/動畫/遊戲標題.controller
  artifactKey: Guid(b957598d6010a0343b5d34ab112a8c2f) Importer(815301076,1909f56bfc062723c751e8b465ee728b)
Start importing Assets/動畫/遊戲標題.controller using Guid(b957598d6010a0343b5d34ab112a8c2f) Importer(815301076,1909f56bfc062723c751e8b465ee728b)  -> (artifact id: '9e186c2df6dba4268edcf7623aa63b90') in 0.018054 seconds 
  Import took 0.021706 seconds .

========================================================================
Received Import Request.
  Time since last request: 1664.463165 seconds.
  path: Assets/Handpainted_Forest_pack/Map_v1Settings.lighting
  artifactKey: Guid(a06a8c1a82858474a8370228b07af2e6) Importer(815301076,1909f56bfc062723c751e8b465ee728b)
Start importing Assets/Handpainted_Forest_pack/Map_v1Settings.lighting using Guid(a06a8c1a82858474a8370228b07af2e6) Importer(815301076,1909f56bfc062723c751e8b465ee728b) LightingSettings: switching bake backend from 1 to 0.
 -> (artifact id: '33aadf07d3a31d05e85639bfc6b4f80d') in 0.011791 seconds 
  Import took 0.015075 seconds .

========================================================================
Received Import Request.
  Time since last request: 128.963168 seconds.
  path: Assets/場景/開始場景.unity
  artifactKey: Guid(74eae66100484154d8a2d73e86fcdc64) Importer(815301076,1909f56bfc062723c751e8b465ee728b)
Start importing Assets/場景/開始場景.unity using Guid(74eae66100484154d8a2d73e86fcdc64) Importer(815301076,1909f56bfc062723c751e8b465ee728b)  -> (artifact id: '5583db4e5c92b796e6e2c3eedf873f5e') in 0.009564 seconds 
  Import took 0.012496 seconds .

========================================================================
Received Import Request.
  Time since last request: 116.407047 seconds.
  path: Assets/場景/遊戲場景.unity
  artifactKey: Guid(9f447ab67ce83764093db70d5eeaf7c2) Importer(815301076,1909f56bfc062723c751e8b465ee728b)
Start importing Assets/場景/遊戲場景.unity using Guid(9f447ab67ce83764093db70d5eeaf7c2) Importer(815301076,1909f56bfc062723c751e8b465ee728b)  -> (artifact id: '0f02e646a7fb47060c7557721913e1e2') in 0.012084 seconds 
  Import took 0.014737 seconds .

========================================================================
Received Import Request.
  Time since last request: 0.000279 seconds.
  path: Assets/場景/遊戲場景.unity
  artifactKey: Guid(9f447ab67ce83764093db70d5eeaf7c2) Importer(815301076,1909f56bfc062723c751e8b465ee728b)
Start importing Assets/場景/遊戲場景.unity using Guid(9f447ab67ce83764093db70d5eeaf7c2) Importer(815301076,1909f56bfc062723c751e8b465ee728b)  -> (artifact id: '0f02e646a7fb47060c7557721913e1e2') in 0.003916 seconds 
  Import took 0.006631 seconds .

========================================================================
Received Import Request.
  Time since last request: 81.961209 seconds.
  path: Assets/Handpainted_Forest_pack/Models/Fir_v1_1.prefab
  artifactKey: Guid(a47d7ad739a48614babdcba6106ead5f) Importer(815301076,1909f56bfc062723c751e8b465ee728b)
Start importing Assets/Handpainted_Forest_pack/Models/Fir_v1_1.prefab using Guid(a47d7ad739a48614babdcba6106ead5f) Importer(815301076,1909f56bfc062723c751e8b465ee728b)  -> (artifact id: '3b1bbcd1d7e3f294838d77755ff1556e') in 0.235714 seconds 
  Import took 0.238222 seconds .

========================================================================
Received Import Request.
  Time since last request: 0.000237 seconds.
  path: Assets/Handpainted_Forest_pack/Models/Pine_v1_2.prefab
  artifactKey: Guid(07232b84fecc54e45b2e071b6885bb96) Importer(815301076,1909f56bfc062723c751e8b465ee728b)
Start importing Assets/Handpainted_Forest_pack/Models/Pine_v1_2.prefab using Guid(07232b84fecc54e45b2e071b6885bb96) Importer(815301076,1909f56bfc062723c751e8b465ee728b)  -> (artifact id: 'fd398893ff3f5e353610c8f7f37ba469') in 0.019390 seconds 
  Import took 0.022856 seconds .

========================================================================
Received Import Request.
  Time since last request: 0.000284 seconds.
  path: Assets/Handpainted_Forest_pack/Models/Grass_v1_1.prefab
  artifactKey: Guid(28f60661728ddb148a424ba31b70ccc4) Importer(815301076,1909f56bfc062723c751e8b465ee728b)
Start importing Assets/Handpainted_Forest_pack/Models/Grass_v1_1.prefab using Guid(28f60661728ddb148a424ba31b70ccc4) Importer(815301076,1909f56bfc062723c751e8b465ee728b)  -> (artifact id: 'f8f2b6d4f8b992ce7ce1694ce4fd33e5') in 0.020172 seconds 
  Import took 0.022840 seconds .

========================================================================
Received Import Request.
  Time since last request: 0.000237 seconds.
  path: Assets/Handpainted_Forest_pack/Models/Grass_v2_1.prefab
  artifactKey: Guid(bca1934b3991fe648b8181db36dfcfcb) Importer(815301076,1909f56bfc062723c751e8b465ee728b)
Start importing Assets/Handpainted_Forest_pack/Models/Grass_v2_1.prefab using Guid(bca1934b3991fe648b8181db36dfcfcb) Importer(815301076,1909f56bfc062723c751e8b465ee728b)  -> (artifact id: 'c29dbee96795b9fd21f0b08dd1173de0') in 0.018705 seconds 
  Import took 0.021275 seconds .

========================================================================
Received Import Request.
  Time since last request: 0.000353 seconds.
  path: Assets/Handpainted_Forest_pack/Models/Grass_v1_2.prefab
  artifactKey: Guid(e7943b8da41d75045a6bd919f15691ec) Importer(815301076,1909f56bfc062723c751e8b465ee728b)
Start importing Assets/Handpainted_Forest_pack/Models/Grass_v1_2.prefab using Guid(e7943b8da41d75045a6bd919f15691ec) Importer(815301076,1909f56bfc062723c751e8b465ee728b)  -> (artifact id: '2f97c84d4370471c4da22c1b13287fa1') in 0.020849 seconds 
  Import took 0.024122 seconds .

========================================================================
Received Import Request.
  Time since last request: 0.000210 seconds.
  path: Assets/Handpainted_Forest_pack/Models/Floor_Grass_v1_1.prefab
  artifactKey: Guid(4e43cdca195a1664d966791f28202d31) Importer(815301076,1909f56bfc062723c751e8b465ee728b)
Start importing Assets/Handpainted_Forest_pack/Models/Floor_Grass_v1_1.prefab using Guid(4e43cdca195a1664d966791f28202d31) Importer(815301076,1909f56bfc062723c751e8b465ee728b)  -> (artifact id: '33e8d94edc9ab8d7e9dfe27f5f8d033f') in 0.098615 seconds 
  Import took 0.101186 seconds .

========================================================================
Received Import Request.
  Time since last request: 0.000251 seconds.
  path: Assets/Handpainted_Forest_pack/Models/Floor_Grass_v1_2.prefab
  artifactKey: Guid(a2fbc4036fe0e9f40899ea784ee93073) Importer(815301076,1909f56bfc062723c751e8b465ee728b)
Start importing Assets/Handpainted_Forest_pack/Models/Floor_Grass_v1_2.prefab using Guid(a2fbc4036fe0e9f40899ea784ee93073) Importer(815301076,1909f56bfc062723c751e8b465ee728b)  -> (artifact id: '5b3eff9b501cade51d856f8ef1d7f202') in 0.019891 seconds 
  Import took 0.022137 seconds .

========================================================================
Received Import Request.
  Time since last request: 0.000243 seconds.
  path: Assets/Handpainted_Forest_pack/Models/Pine_v1_1.prefab
  artifactKey: Guid(13f47203b7fe8ff479a289d12f2f47ed) Importer(815301076,1909f56bfc062723c751e8b465ee728b)
Start importing Assets/Handpainted_Forest_pack/Models/Pine_v1_1.prefab using Guid(13f47203b7fe8ff479a289d12f2f47ed) Importer(815301076,1909f56bfc062723c751e8b465ee728b)  -> (artifact id: '088aedc0374258a140ac0568b19ef77a') in 0.015540 seconds 
  Import took 0.018153 seconds .

========================================================================
Received Import Request.
  Time since last request: 0.000227 seconds.
  path: Assets/Handpainted_Forest_pack/Models/Grass_v1_3.prefab
  artifactKey: Guid(4b46a3851f431d14fb24389945dd98d7) Importer(815301076,1909f56bfc062723c751e8b465ee728b)
Start importing Assets/Handpainted_Forest_pack/Models/Grass_v1_3.prefab using Guid(4b46a3851f431d14fb24389945dd98d7) Importer(815301076,1909f56bfc062723c751e8b465ee728b)  -> (artifact id: 'ed175968acbe571a5ca3b0c78b1067e3') in 0.015104 seconds 
  Import took 0.018498 seconds .

========================================================================
Received Import Request.
  Time since last request: 0.000277 seconds.
  path: Assets/Handpainted_Forest_pack/Models/Fir_v1_2.prefab
  artifactKey: Guid(97fa5d2e177822c4084dda50fa0986c6) Importer(815301076,1909f56bfc062723c751e8b465ee728b)
Start importing Assets/Handpainted_Forest_pack/Models/Fir_v1_2.prefab using Guid(97fa5d2e177822c4084dda50fa0986c6) Importer(815301076,1909f56bfc062723c751e8b465ee728b)  -> (artifact id: 'c686916192b53d416187e21a31014721') in 0.019258 seconds 
  Import took 0.021568 seconds .

========================================================================
Received Import Request.
  Time since last request: 0.003690 seconds.
  path: Assets/Handpainted_Forest_pack/Models/Fir_v1_2.prefab
  artifactKey: Guid(97fa5d2e177822c4084dda50fa0986c6) Importer(815301076,1909f56bfc062723c751e8b465ee728b)
Start importing Assets/Handpainted_Forest_pack/Models/Fir_v1_2.prefab using Guid(97fa5d2e177822c4084dda50fa0986c6) Importer(815301076,1909f56bfc062723c751e8b465ee728b)  -> (artifact id: 'c686916192b53d416187e21a31014721') in 0.011554 seconds 
  Import took 0.015415 seconds .

========================================================================
Received Import Request.
  Time since last request: 57.605537 seconds.
  path: Assets/Handpainted_Forest_pack/Models
  artifactKey: Guid(e6ef26e78701f704582bb1f8938086d7) Importer(815301076,1909f56bfc062723c751e8b465ee728b)
Start importing Assets/Handpainted_Forest_pack/Models using Guid(e6ef26e78701f704582bb1f8938086d7) Importer(815301076,1909f56bfc062723c751e8b465ee728b)  -> (artifact id: '8a21423b1fbe9d8877601ad513fbeb8c') in 0.006915 seconds 
  Import took 0.009426 seconds .

========================================================================
Received Import Request.
  Time since last request: 65.954269 seconds.
  path: Assets/Handpainted_Forest_pack/Models/Source/Fir_v1.mat
  artifactKey: Guid(bf582717bc9abf7479ddfdc7552793fd) Importer(815301076,1909f56bfc062723c751e8b465ee728b)
Start importing Assets/Handpainted_Forest_pack/Models/Source/Fir_v1.mat using Guid(bf582717bc9abf7479ddfdc7552793fd) Importer(815301076,1909f56bfc062723c751e8b465ee728b)  -> (artifact id: '4873df879ef2c750a5cfffaff3f7d94a') in 0.025823 seconds 
  Import took 0.028144 seconds .

========================================================================
Received Import Request.
  Time since last request: 0.000368 seconds.
  path: Assets/Handpainted_Forest_pack/Models/Source/Fir_v1.png
  artifactKey: Guid(9c13a6618fe3ab949bb617e67f862135) Importer(815301076,1909f56bfc062723c751e8b465ee728b)
Start importing Assets/Handpainted_Forest_pack/Models/Source/Fir_v1.png using Guid(9c13a6618fe3ab949bb617e67f862135) Importer(815301076,1909f56bfc062723c751e8b465ee728b)  -> (artifact id: '57870b80746fcd06faea2e466ac6e243') in 0.081169 seconds 
  Import took 0.083286 seconds .

========================================================================
Received Import Request.
  Time since last request: 0.000231 seconds.
  path: Assets/Handpainted_Forest_pack/Models/Source/Grass_v1_3.mat
  artifactKey: Guid(628ed950aa8383043806c5458764725f) Importer(815301076,1909f56bfc062723c751e8b465ee728b)
Start importing Assets/Handpainted_Forest_pack/Models/Source/Grass_v1_3.mat using Guid(628ed950aa8383043806c5458764725f) Importer(815301076,1909f56bfc062723c751e8b465ee728b)  -> (artifact id: '61463ab38f7d16cfef5a5e828e621220') in 0.012091 seconds 
  Import took 0.014294 seconds .

========================================================================
Received Import Request.
  Time since last request: 0.000318 seconds.
  path: Assets/Handpainted_Forest_pack/Models/Source/Grass_v2_1.mat
  artifactKey: Guid(59871923837676c4faba6f9673ff6d79) Importer(815301076,1909f56bfc062723c751e8b465ee728b)
Start importing Assets/Handpainted_Forest_pack/Models/Source/Grass_v2_1.mat using Guid(59871923837676c4faba6f9673ff6d79) Importer(815301076,1909f56bfc062723c751e8b465ee728b)  -> (artifact id: 'ba9ac43bcc54b615da2a39e1113e5ddf') in 0.014504 seconds 
  Import took 0.017168 seconds .

========================================================================
Received Import Request.
  Time since last request: 0.000246 seconds.
  path: Assets/Handpainted_Forest_pack/Models/Source/Grass_v1_2.mat
  artifactKey: Guid(541867319ef080d44b29c65a3c9d5b19) Importer(815301076,1909f56bfc062723c751e8b465ee728b)
Start importing Assets/Handpainted_Forest_pack/Models/Source/Grass_v1_2.mat using Guid(541867319ef080d44b29c65a3c9d5b19) Importer(815301076,1909f56bfc062723c751e8b465ee728b)  -> (artifact id: 'f9513bc7388f6f341f0d93e26c00eaac') in 0.011870 seconds 
  Import took 0.014600 seconds .

========================================================================
Received Import Request.
  Time since last request: 0.000252 seconds.
  path: Assets/Handpainted_Forest_pack/Models/Source/Floor_Grass_v1_2.tga
  artifactKey: Guid(7be934018fb10d640ae99ae9bf7cbe7c) Importer(815301076,1909f56bfc062723c751e8b465ee728b)
Start importing Assets/Handpainted_Forest_pack/Models/Source/Floor_Grass_v1_2.tga using Guid(7be934018fb10d640ae99ae9bf7cbe7c) Importer(815301076,1909f56bfc062723c751e8b465ee728b)  -> (artifact id: '57e937963a01675812d2c64aedfae3d7') in 0.019145 seconds 
  Import took 0.021739 seconds .

========================================================================
Received Import Request.
  Time since last request: 0.000322 seconds.
  path: Assets/Handpainted_Forest_pack/Models/Source/Grass_v2_1.png
  artifactKey: Guid(c21ba585cdeba2c4599d076364526015) Importer(815301076,1909f56bfc062723c751e8b465ee728b)
Start importing Assets/Handpainted_Forest_pack/Models/Source/Grass_v2_1.png using Guid(c21ba585cdeba2c4599d076364526015) Importer(815301076,1909f56bfc062723c751e8b465ee728b)  -> (artifact id: '4e7952683f0de9c21fe50f5d8a8ea862') in 0.018056 seconds 
  Import took 0.020627 seconds .

========================================================================
Received Import Request.
  Time since last request: 0.000285 seconds.
  path: Assets/Handpainted_Forest_pack/Models/Source/Grass_v1_3.png
  artifactKey: Guid(23bd24c4031467f4ebfa37ecc611053b) Importer(815301076,1909f56bfc062723c751e8b465ee728b)
Start importing Assets/Handpainted_Forest_pack/Models/Source/Grass_v1_3.png using Guid(23bd24c4031467f4ebfa37ecc611053b) Importer(815301076,1909f56bfc062723c751e8b465ee728b)  -> (artifact id: '6c90e722e5c573af717de100815a4bfc') in 0.010269 seconds 
  Import took 0.012870 seconds .

========================================================================
Received Import Request.
  Time since last request: 0.000320 seconds.
  path: Assets/Handpainted_Forest_pack/Models/Source/Grass_v1_1.png
  artifactKey: Guid(d41ffe9d7aae5874c81a5edf96a4781e) Importer(815301076,1909f56bfc062723c751e8b465ee728b)
Start importing Assets/Handpainted_Forest_pack/Models/Source/Grass_v1_1.png using Guid(d41ffe9d7aae5874c81a5edf96a4781e) Importer(815301076,1909f56bfc062723c751e8b465ee728b)  -> (artifact id: 'd91c00ece38202d447d96d002a7bcbab') in 0.014986 seconds 
  Import took 0.017278 seconds .

========================================================================
Received Import Request.
  Time since last request: 0.000245 seconds.
  path: Assets/Handpainted_Forest_pack/Models/Source/Floor_Grass_v1_1.tga
  artifactKey: Guid(3a203929128f91f46be823db0be54d30) Importer(815301076,1909f56bfc062723c751e8b465ee728b)
Start importing Assets/Handpainted_Forest_pack/Models/Source/Floor_Grass_v1_1.tga using Guid(3a203929128f91f46be823db0be54d30) Importer(815301076,1909f56bfc062723c751e8b465ee728b)  -> (artifact id: '27a597daeb5d530e1c8e1895995c8032') in 0.011980 seconds 
  Import took 0.014997 seconds .

========================================================================
Received Import Request.
  Time since last request: 0.000243 seconds.
  path: Assets/Handpainted_Forest_pack/Models/Source/Floor_Grass_v1_2.mat
  artifactKey: Guid(72c5e0d26b8636c41b8d2dab8ac89bb4) Importer(815301076,1909f56bfc062723c751e8b465ee728b)
Start importing Assets/Handpainted_Forest_pack/Models/Source/Floor_Grass_v1_2.mat using Guid(72c5e0d26b8636c41b8d2dab8ac89bb4) Importer(815301076,1909f56bfc062723c751e8b465ee728b)  -> (artifact id: 'eabdcf0d5cfe0cf65f9d6e14dcfde384') in 0.020443 seconds 
  Import took 0.022993 seconds .

========================================================================
Received Import Request.
  Time since last request: 0.000241 seconds.
  path: Assets/Handpainted_Forest_pack/Models/Source/Floor_Grass_v1_1.mat
  artifactKey: Guid(ff877304ec6ab8d4ba4c9b6a346c5775) Importer(815301076,1909f56bfc062723c751e8b465ee728b)
Start importing Assets/Handpainted_Forest_pack/Models/Source/Floor_Grass_v1_1.mat using Guid(ff877304ec6ab8d4ba4c9b6a346c5775) Importer(815301076,1909f56bfc062723c751e8b465ee728b)  -> (artifact id: 'b0170d79c6c129496d1e8c23402fa623') in 0.019188 seconds 
  Import took 0.021614 seconds .

========================================================================
Received Import Request.
  Time since last request: 0.000216 seconds.
  path: Assets/Handpainted_Forest_pack/Models/Source/Forest_pack_models_set.FBX
  artifactKey: Guid(11513268302b562498f3c140346b22c8) Importer(815301076,1909f56bfc062723c751e8b465ee728b)
Start importing Assets/Handpainted_Forest_pack/Models/Source/Forest_pack_models_set.FBX using Guid(11513268302b562498f3c140346b22c8) Importer(815301076,1909f56bfc062723c751e8b465ee728b)  -> (artifact id: 'c29cd480c2fa20798b3358bbf859d2a6') in 0.260016 seconds 
  Import took 0.262201 seconds .

========================================================================
Received Import Request.
  Time since last request: 0.000344 seconds.
  path: Assets/Handpainted_Forest_pack/Models/Source/Pine_v1.png
  artifactKey: Guid(330a76c3c3267334ba963ed9bc5d2f1e) Importer(815301076,1909f56bfc062723c751e8b465ee728b)
Start importing Assets/Handpainted_Forest_pack/Models/Source/Pine_v1.png using Guid(330a76c3c3267334ba963ed9bc5d2f1e) Importer(815301076,1909f56bfc062723c751e8b465ee728b)  -> (artifact id: 'd6377a43ecf936e4c8e546d93cfbb5b5') in 0.013991 seconds 
  Import took 0.016127 seconds .

========================================================================
Received Import Request.
  Time since last request: 0.000273 seconds.
  path: Assets/Handpainted_Forest_pack/Models/Source/Grass_v1_1.mat
  artifactKey: Guid(1523a0f878da8e44aa9166a0a9553429) Importer(815301076,1909f56bfc062723c751e8b465ee728b)
Start importing Assets/Handpainted_Forest_pack/Models/Source/Grass_v1_1.mat using Guid(1523a0f878da8e44aa9166a0a9553429) Importer(815301076,1909f56bfc062723c751e8b465ee728b)  -> (artifact id: 'e8e10427b11151d5e84745a358235c19') in 0.012165 seconds 
  Import took 0.014516 seconds .

========================================================================
Received Import Request.
  Time since last request: 0.000235 seconds.
  path: Assets/Handpainted_Forest_pack/Models/Source/Pine_v1.mat
  artifactKey: Guid(d5f4b3829380d6c48b3b0bad301f2497) Importer(815301076,1909f56bfc062723c751e8b465ee728b)
Start importing Assets/Handpainted_Forest_pack/Models/Source/Pine_v1.mat using Guid(d5f4b3829380d6c48b3b0bad301f2497) Importer(815301076,1909f56bfc062723c751e8b465ee728b)  -> (artifact id: 'c8bfd57c5d42a8d8b70f810067261406') in 0.013759 seconds 
  Import took 0.016418 seconds .

========================================================================
Received Import Request.
  Time since last request: 0.000600 seconds.
  path: Assets/Handpainted_Forest_pack/Models/Source/Grass_v1_2.png
  artifactKey: Guid(8d4abee17d6b77d47b140f7df6ea81af) Importer(815301076,1909f56bfc062723c751e8b465ee728b)
Start importing Assets/Handpainted_Forest_pack/Models/Source/Grass_v1_2.png using Guid(8d4abee17d6b77d47b140f7df6ea81af) Importer(815301076,1909f56bfc062723c751e8b465ee728b)  -> (artifact id: '87a2dfdb61177e2cf9503068008d0e1c') in 0.013890 seconds 
  Import took 0.016372 seconds .

========================================================================
Received Import Request.
  Time since last request: 140.694017 seconds.
  path: Assets/Handpainted_Forest_pack/Models/New Material.mat
  artifactKey: Guid(7a95e4c0fdfcff94991f02bd7cd078f6) Importer(815301076,1909f56bfc062723c751e8b465ee728b)
Start importing Assets/Handpainted_Forest_pack/Models/New Material.mat using Guid(7a95e4c0fdfcff94991f02bd7cd078f6) Importer(815301076,1909f56bfc062723c751e8b465ee728b)  -> (artifact id: 'e719482237d73a4880b3b427bc70eee0') in 0.018162 seconds 
  Import took 0.020904 seconds .

========================================================================
Received Import Request.
  Time since last request: 72.699805 seconds.
  path: Assets/New Material.mat
  artifactKey: Guid(f392669f64c23954baeef6a271fe61d5) Importer(815301076,1909f56bfc062723c751e8b465ee728b)
Start importing Assets/New Material.mat using Guid(f392669f64c23954baeef6a271fe61d5) Importer(815301076,1909f56bfc062723c751e8b465ee728b)  -> (artifact id: 'dffffbb3c42115b75e4caf8df480acbe') in 0.014202 seconds 
  Import took 0.017200 seconds .

========================================================================
Received Import Request.
  Time since last request: 244.032134 seconds.
  path: Assets/New Material.mat
  artifactKey: Guid(f392669f64c23954baeef6a271fe61d5) Importer(815301076,1909f56bfc062723c751e8b465ee728b)
Start importing Assets/New Material.mat using Guid(f392669f64c23954baeef6a271fe61d5) Importer(815301076,1909f56bfc062723c751e8b465ee728b)  -> (artifact id: '070235691e9e5d19b27cfbc559787607') in 0.015888 seconds 
  Import took 0.018433 seconds .

========================================================================
Received Import Request.
  Time since last request: 1006.660307 seconds.
  path: Assets/樹_高.prefab
  artifactKey: Guid(cc067493854c2ea4fa3a1022b8f2d465) Importer(815301076,1909f56bfc062723c751e8b465ee728b)
Start importing Assets/樹_高.prefab using Guid(cc067493854c2ea4fa3a1022b8f2d465) Importer(815301076,1909f56bfc062723c751e8b465ee728b)  -> (artifact id: '2741429fbd7905688cbdbd295c4b1ee0') in 0.018372 seconds 
  Import took 0.021736 seconds .

========================================================================
Received Import Request.
  Time since last request: 184.141797 seconds.
  path: Assets/樹_高.prefab
  artifactKey: Guid(cc067493854c2ea4fa3a1022b8f2d465) Importer(815301076,1909f56bfc062723c751e8b465ee728b)
Start importing Assets/樹_高.prefab using Guid(cc067493854c2ea4fa3a1022b8f2d465) Importer(815301076,1909f56bfc062723c751e8b465ee728b)  -> (artifact id: '7f5195a2b8d5139c3ef4c1dbb327b304') in 0.013597 seconds 
  Import took 0.016158 seconds .

========================================================================
Received Import Request.
  Time since last request: 8.870907 seconds.
  path: Assets/樹_高.prefab
  artifactKey: Guid(cc067493854c2ea4fa3a1022b8f2d465) Importer(815301076,1909f56bfc062723c751e8b465ee728b)
Start importing Assets/樹_高.prefab using Guid(cc067493854c2ea4fa3a1022b8f2d465) Importer(815301076,1909f56bfc062723c751e8b465ee728b)  -> (artifact id: '28ccac544b458a0033b83d5b631e6958') in 0.014122 seconds 
  Import took 0.016960 seconds .

========================================================================
Received Import Request.
  Time since last request: 3.998240 seconds.
  path: Assets/樹_高.prefab
  artifactKey: Guid(cc067493854c2ea4fa3a1022b8f2d465) Importer(815301076,1909f56bfc062723c751e8b465ee728b)
Start importing Assets/樹_高.prefab using Guid(cc067493854c2ea4fa3a1022b8f2d465) Importer(815301076,1909f56bfc062723c751e8b465ee728b)  -> (artifact id: 'c02456c4721e19da710e05badf8acf04') in 0.013345 seconds 
  Import took 0.016995 seconds .

========================================================================
Received Import Request.
  Time since last request: 6.437716 seconds.
  path: Assets/樹_高.prefab
  artifactKey: Guid(cc067493854c2ea4fa3a1022b8f2d465) Importer(815301076,1909f56bfc062723c751e8b465ee728b)
Start importing Assets/樹_高.prefab using Guid(cc067493854c2ea4fa3a1022b8f2d465) Importer(815301076,1909f56bfc062723c751e8b465ee728b)  -> (artifact id: '9960b371c7a616cc63445a1c0b89303b') in 0.015087 seconds 
  Import took 0.018766 seconds .

========================================================================
Received Import Request.
  Time since last request: 36.741426 seconds.
  path: Assets/花.prefab
  artifactKey: Guid(78e4908cd2d9d164d9782621dd9245cb) Importer(815301076,1909f56bfc062723c751e8b465ee728b)
Start importing Assets/花.prefab using Guid(78e4908cd2d9d164d9782621dd9245cb) Importer(815301076,1909f56bfc062723c751e8b465ee728b)  -> (artifact id: '743c288f2e5b117f4a08fca38890c5cd') in 0.014420 seconds 
  Import took 0.017478 seconds .

========================================================================
Received Import Request.
  Time since last request: 86.525719 seconds.
  path: Assets/花2 Variant.prefab
  artifactKey: Guid(a54f44a4104f4004baf9af3f7ca330f6) Importer(815301076,1909f56bfc062723c751e8b465ee728b)
Start importing Assets/花2 Variant.prefab using Guid(a54f44a4104f4004baf9af3f7ca330f6) Importer(815301076,1909f56bfc062723c751e8b465ee728b)  -> (artifact id: '2506263513b93c34c8d89cabf0c2204c') in 0.019203 seconds 
  Import took 0.021934 seconds .

========================================================================
Received Import Request.
  Time since last request: 34.210299 seconds.
  path: Assets/樹_矮.prefab
  artifactKey: Guid(1493e0e710578c0448c73fc92104b763) Importer(815301076,1909f56bfc062723c751e8b465ee728b)
Start importing Assets/樹_矮.prefab using Guid(1493e0e710578c0448c73fc92104b763) Importer(815301076,1909f56bfc062723c751e8b465ee728b)  -> (artifact id: 'cc2b2e54e7a0d3e56b11c736261f2865') in 0.017232 seconds 
  Import took 0.019740 seconds .

========================================================================
Received Import Request.
  Time since last request: 14.365750 seconds.
  path: Assets/Handpainted_Forest_pack
  artifactKey: Guid(b5077f89f099e4f40b8f70a72e4d8098) Importer(815301076,1909f56bfc062723c751e8b465ee728b)
Start importing Assets/Handpainted_Forest_pack using Guid(b5077f89f099e4f40b8f70a72e4d8098) Importer(815301076,1909f56bfc062723c751e8b465ee728b)  -> (artifact id: '781f120dab6c4a329bf5ee9a4f323f80') in 0.006172 seconds 
  Import took 0.008576 seconds .

========================================================================
Received Import Request.
  Time since last request: 37.600011 seconds.
  path: Assets/樹_矮.prefab
  artifactKey: Guid(1493e0e710578c0448c73fc92104b763) Importer(815301076,1909f56bfc062723c751e8b465ee728b)
Start importing Assets/樹_矮.prefab using Guid(1493e0e710578c0448c73fc92104b763) Importer(815301076,1909f56bfc062723c751e8b465ee728b)  -> (artifact id: 'e8920bee760d21eaca2c17c84808ccc0') in 0.015102 seconds 
  Import took 0.020045 seconds .

========================================================================
Received Import Request.
  Time since last request: 3.798576 seconds.
  path: Assets/樹_矮.prefab
  artifactKey: Guid(1493e0e710578c0448c73fc92104b763) Importer(815301076,1909f56bfc062723c751e8b465ee728b)
Start importing Assets/樹_矮.prefab using Guid(1493e0e710578c0448c73fc92104b763) Importer(815301076,1909f56bfc062723c751e8b465ee728b)  -> (artifact id: '992f7551420562c05d1468267bc0d6c2') in 0.014979 seconds 
  Import took 0.017798 seconds .

========================================================================
Received Import Request.
  Time since last request: 2.413082 seconds.
  path: Assets/New Material.mat
  artifactKey: Guid(f392669f64c23954baeef6a271fe61d5) Importer(815301076,1909f56bfc062723c751e8b465ee728b)
Start importing Assets/New Material.mat using Guid(f392669f64c23954baeef6a271fe61d5) Importer(815301076,1909f56bfc062723c751e8b465ee728b)  -> (artifact id: '1a12ac6c181d54113179049151ba7cd6') in 0.014477 seconds 
  Import took 0.016973 seconds .

========================================================================
Received Prepare
Registering precompiled user dll's ...
Registered in 0.008755 seconds.
Begin MonoManager ReloadAssembly
Native extension for WindowsStandalone target not found
Native extension for WebGL target not found
Refreshing native plugins compatible for Editor in 0.47 ms, found 2 plugins.
Preloading 0 native plugins for Editor in 0.00 ms.
Mono: successfully reloaded assembly
- Completed reload, in  1.248 seconds
Domain Reload Profiling:
	ReloadAssembly (1249ms)
		BeginReloadAssembly (194ms)
			ExecutionOrderSort (0ms)
			DisableScriptedObjects (8ms)
			BackupInstance (0ms)
			ReleaseScriptingObjects (0ms)
			CreateAndSetChildDomain (73ms)
		EndReloadAssembly (977ms)
			LoadAssemblies (118ms)
			RebuildTransferFunctionScriptingTraits (0ms)
			SetupTypeCache (284ms)
			ReleaseScriptCaches (1ms)
			RebuildScriptCaches (37ms)
			SetupLoadedEditorAssemblies (424ms)
				LogAssemblyErrors (0ms)
				InitializePlatformSupportModulesInManaged (12ms)
				SetLoadedEditorAssemblies (1ms)
				RefreshPlugins (1ms)
				BeforeProcessingInitializeOnLoad (82ms)
				ProcessInitializeOnLoadAttributes (295ms)
				ProcessInitializeOnLoadMethodAttributes (4ms)
				AfterProcessingInitializeOnLoad (29ms)
				EditorAssembliesLoaded (0ms)
			ExecutionOrderSort2 (0ms)
			AwakeInstancesAfterBackupRestoration (7ms)
Platform modules already initialized, skipping
Refreshing native plugins compatible for Editor in 0.30 ms, found 2 plugins.
Preloading 0 native plugins for Editor in 0.00 ms.
Unloading 1391 Unused Serialized files (Serialized files now loaded: 0)
System memory in use before: 69.9 MB.
System memory in use after: 70.0 MB.

Unloading 14 unused Assets to reduce memory usage. Loaded Objects now: 1887.
Total: 3.103800 ms (FindLiveObjects: 0.176200 ms CreateObjectMapping: 0.051500 ms MarkObjects: 2.844900 ms  DeleteObjects: 0.029500 ms)

AssetImportParameters requested are different than current active one (requested -> active):
  custom:framework-win-MediaFoundation: 216162199b28c13a410421893ffa2e32 -> 
  custom:video-decoder-ogg-theora: a1e56fd34408186e4bbccfd4996cb3dc -> 
  custom:container-muxer-webm: aa71ff27fc2769a1b78a27578f13a17b -> 
  custom:container-demuxer-webm: 4f35f7cbe854078d1ac9338744f61a02 -> 
  custom:container-demuxer-ogg: 62fdf1f143b41e24485cea50d1cbac27 -> 
  custom:video-encoder-webm-vp8: eb34c28f22e8b96e1ab97ce403110664 -> 
  custom:video-decoder-webm-vp8: 9c59270c3fd7afecdb556c50c9e8de78 -> 
  custom:audio-decoder-ogg-vorbis: bf7c407c2cedff20999df2af8eb42d56 -> 
  custom:audio-encoder-webm-vorbis: bf7c407c2cedff20999df2af8eb42d56 -> 
AssetImportWorkerClient::OnTransportError - code=2 error=End of file
